<?xml version="1.0" encoding="UTF-8"?>
<!-- Generated by org.testng.reporters.JUnitXMLReporter -->
<testsuite ignored="0" hostname="LAP_AALSHI" failures="0" tests="5" name="Default test" time="4.904" errors="0" timestamp="2025-09-29T10:58:58 IST">
  <testcase classname="com.api.tests.TrasactionServiceTest" name="verifyDepositTest" time="0.787"/>
  <testcase classname="com.api.tests.TrasactionServiceTest" name="verifyTransactionHistoryTest" time="0.439"/>
  <testcase classname="com.api.tests.TrasactionServiceTest" name="verifyTransferfundTest" time="0.367"/>
  <testcase classname="com.api.tests.TrasactionServiceTest" name="verifyTransferFundInitiateTest" time="0.382"/>
  <testcase classname="com.api.tests.TrasactionServiceTest" name="verifyverifyWithdowTest" time="0.275"/>
</testsuite> <!-- Default test -->
