<?xml version="1.0" encoding="UTF-8"?>
<testng-results ignored="0" total="5" passed="5" failed="0" skipped="0">
  <reporter-output>
  </reporter-output>
  <suite started-at="2025-09-29T10:58:53 IST" name="Default suite" finished-at="2025-09-29T10:58:58 IST" duration-ms="4904">
    <groups>
      <group name="TransactionService">
        <method signature="TrasactionServiceTest.verifyDepositTest()[pri:1, instance:com.api.tests.TrasactionServiceTest@14151bc5]" name="verifyDepositTest" class="com.api.tests.TrasactionServiceTest"/>
        <method signature="TrasactionServiceTest.verifyTransactionHistoryTest()[pri:2, instance:com.api.tests.TrasactionServiceTest@14151bc5]" name="verifyTransactionHistoryTest" class="com.api.tests.TrasactionServiceTest"/>
        <method signature="TrasactionServiceTest.verifyTransferfundTest()[pri:3, instance:com.api.tests.TrasactionServiceTest@14151bc5]" name="verifyTransferfundTest" class="com.api.tests.TrasactionServiceTest"/>
        <method signature="TrasactionServiceTest.verifyTransferFundInitiateTest()[pri:4, instance:com.api.tests.TrasactionServiceTest@14151bc5]" name="verifyTransferFundInitiateTest" class="com.api.tests.TrasactionServiceTest"/>
        <method signature="TrasactionServiceTest.verifyverifyWithdowTest()[pri:5, instance:com.api.tests.TrasactionServiceTest@14151bc5]" name="verifyverifyWithdowTest" class="com.api.tests.TrasactionServiceTest"/>
      </group> <!-- TransactionService -->
    </groups>
    <test started-at="2025-09-29T10:58:53 IST" name="Default test" finished-at="2025-09-29T10:58:58 IST" duration-ms="4904">
      <class name="com.api.tests.TrasactionServiceTest">
        <test-method is-config="true" signature="authsetup()[pri:0, instance:com.api.tests.TrasactionServiceTest@14151bc5]" started-at="2025-09-29T10:58:53 IST" name="authsetup" finished-at="2025-09-29T10:58:55 IST" duration-ms="2565" status="PASS">
          <reporter-output>
          </reporter-output>
        </test-method> <!-- authsetup -->
        <test-method signature="verifyDepositTest()[pri:1, instance:com.api.tests.TrasactionServiceTest@14151bc5]" started-at="2025-09-29T10:58:55 IST" name="verifyDepositTest" description="verifyDepositTest" finished-at="2025-09-29T10:58:56 IST" duration-ms="787" status="PASS">
          <reporter-output>
          </reporter-output>
        </test-method> <!-- verifyDepositTest -->
        <test-method signature="verifyTransactionHistoryTest()[pri:2, instance:com.api.tests.TrasactionServiceTest@14151bc5]" started-at="2025-09-29T10:58:56 IST" name="verifyTransactionHistoryTest" description="verifyTransactionHistoryTest" finished-at="2025-09-29T10:58:57 IST" duration-ms="439" status="PASS">
          <reporter-output>
          </reporter-output>
        </test-method> <!-- verifyTransactionHistoryTest -->
        <test-method signature="verifyTransferfundTest()[pri:3, instance:com.api.tests.TrasactionServiceTest@14151bc5]" started-at="2025-09-29T10:58:57 IST" name="verifyTransferfundTest" description="verifyTransferfundTest" finished-at="2025-09-29T10:58:57 IST" duration-ms="367" status="PASS">
          <reporter-output>
          </reporter-output>
        </test-method> <!-- verifyTransferfundTest -->
        <test-method signature="verifyTransferFundInitiateTest()[pri:4, instance:com.api.tests.TrasactionServiceTest@14151bc5]" started-at="2025-09-29T10:58:57 IST" name="verifyTransferFundInitiateTest" description="verifyTransferfundInitiateTest" finished-at="2025-09-29T10:58:57 IST" duration-ms="382" status="PASS">
          <reporter-output>
          </reporter-output>
        </test-method> <!-- verifyTransferFundInitiateTest -->
        <test-method signature="verifyverifyWithdowTest()[pri:5, instance:com.api.tests.TrasactionServiceTest@14151bc5]" started-at="2025-09-29T10:58:57 IST" name="verifyverifyWithdowTest" description="verifyverifyWithdowTest" finished-at="2025-09-29T10:58:58 IST" duration-ms="275" status="PASS">
          <reporter-output>
          </reporter-output>
        </test-method> <!-- verifyverifyWithdowTest -->
      </class> <!-- com.api.tests.TrasactionServiceTest -->
    </test> <!-- Default test -->
  </suite> <!-- Default suite -->
</testng-results>
