<?xml version="1.0" encoding="UTF-8"?>
<testng-results ignored="0" total="1" passed="1" failed="0" skipped="0">
  <reporter-output>
  </reporter-output>
  <suite started-at="2025-09-22T20:21:09 IST" name="Default suite" finished-at="2025-09-22T20:21:14 IST" duration-ms="5258">
    <groups>
    </groups>
    <test started-at="2025-09-22T20:21:09 IST" name="Default test" finished-at="2025-09-22T20:21:14 IST" duration-ms="5258">
      <class name="com.api.tests.LoginApiTest">
        <test-method signature="loginTest()[pri:0, instance:com.api.tests.LoginApiTest@6ae5aa72]" started-at="2025-09-22T20:21:09 IST" name="loginTest" description="Verify Login Api" finished-at="2025-09-22T20:21:14 IST" duration-ms="5171" status="PASS">
          <reporter-output>
          </reporter-output>
        </test-method> <!-- loginTest -->
      </class> <!-- com.api.tests.LoginApiTest -->
    </test> <!-- Default test -->
  </suite> <!-- Default suite -->
</testng-results>
